2022.02.19 16:24:28 INFO  tracing is disabled for protocol LSP, to enable tracing of incoming and outgoing JSON messages create an empty file at /Users/hientruong/Documents/LTH/Y1/EDAA45-programmeringIntroduction/pgk/w3-master/.metals/lsp.trace.json or /Users/hientruong/Library/Caches/org.scalameta.metals/lsp.trace.json
2022.02.19 16:24:29 INFO  logging to file /Users/hientruong/Documents/LTH/Y1/EDAA45-programmeringIntroduction/pgk/w3-master/.metals/metals.log
2022.02.19 16:24:29 INFO  Started: Metals version 0.11.1 in workspace '/Users/hientruong/Documents/LTH/Y1/EDAA45-programmeringIntroduction/pgk/w3-master' for client Visual Studio Code 1.64.2.
2022.02.19 16:24:29 INFO  Parse release: 11.0.12
2022.02.19 16:24:34 INFO  time: initialize in 5.35s
2022.02.19 16:24:35 WARN  Build server is not auto-connectable.
2022.02.19 16:24:35 WARN  no build tool detected in workspace '/Users/hientruong/Documents/LTH/Y1/EDAA45-programmeringIntroduction/pgk/w3-master'. The most common cause for this problem is that the editor was opened in the wrong working directory, for example if you use sbt then the workspace directory should contain build.sbt. 
2022.02.19 16:24:36 WARN  no build target for: /Users/hientruong/Documents/LTH/Y1/EDAA45-programmeringIntroduction/pgk/w3-master/lv3i1.scala
2022.02.19 16:24:44 INFO  no build target found for /Users/hientruong/Documents/LTH/Y1/EDAA45-programmeringIntroduction/pgk/w3-master/lv3i1.scala. Using presentation compiler with project's scala-library version: 3.1.0
2022.02.19 16:24:44 WARN  no build target for: /Users/hientruong/Documents/LTH/Y1/EDAA45-programmeringIntroduction/pgk/w3-master/lv3.scala
Feb 19, 2022 4:24:44 PM org.eclipse.lsp4j.jsonrpc.RemoteEndpoint handleCancellation
WARNING: Unmatched cancel notification for request id 5
Feb 19, 2022 4:24:44 PM org.eclipse.lsp4j.jsonrpc.RemoteEndpoint handleCancellation
WARNING: Unmatched cancel notification for request id 6
2022.02.19 16:24:44 WARN  no build target for: /Users/hientruong/Documents/LTH/Y1/EDAA45-programmeringIntroduction/pgk/w3-master/lv3i1.scala
2022.02.19 16:24:48 INFO  time: code lens generation in 3.4s
2022.02.19 16:24:48 INFO  time: code lens generation in 3.41s
2022.02.19 16:24:48 INFO  time: code lens generation in 3.81s
2022.02.19 16:24:48 INFO  time: code lens generation in 9.91s
2022.02.19 16:25:27 INFO  shutting down Metals
2022.05.31 20:56:24 INFO  tracing is disabled for protocol LSP, to enable tracing of incoming and outgoing JSON messages create an empty file at /Users/hientruong/Documents/LTH/Y1/EDAA45-programmeringIntroduction/pgk/w3-master/.metals/lsp.trace.json or /Users/hientruong/Library/Caches/org.scalameta.metals/lsp.trace.json
2022.05.31 20:56:25 INFO  logging to file /Users/hientruong/Documents/LTH/Y1/EDAA45-programmeringIntroduction/pgk/w3-master/.metals/metals.log
2022.05.31 20:56:25 INFO  Started: Metals version 0.11.5 in workspace '/Users/hientruong/Documents/LTH/Y1/EDAA45-programmeringIntroduction/pgk/w3-master' for client Visual Studio Code 1.67.2.
2022.05.31 20:56:26 INFO  time: initialize in 1.03s
2022.05.31 20:56:26 INFO  Deleting old database format /Users/hientruong/Documents/LTH/Y1/EDAA45-programmeringIntroduction/pgk/w3-master/.metals/metals.h2.db
2022.05.31 20:56:26 WARN  Flyway upgrade recommended: H2 2.1.212 is newer than this version of Flyway and support has not been tested. The latest supported version of H2 is 2.1.210.
2022.05.31 20:56:26 WARN  Build server is not auto-connectable.
2022.05.31 20:56:26 WARN  no build tool detected in workspace '/Users/hientruong/Documents/LTH/Y1/EDAA45-programmeringIntroduction/pgk/w3-master'. The most common cause for this problem is that the editor was opened in the wrong working directory, for example if you use sbt then the workspace directory should contain build.sbt. 
2022.05.31 20:56:27 WARN  no build target for: /Users/hientruong/Documents/LTH/Y1/EDAA45-programmeringIntroduction/pgk/w3-master/lv3.scala
2022.05.31 20:56:32 INFO  no build target found for /Users/hientruong/Documents/LTH/Y1/EDAA45-programmeringIntroduction/pgk/w3-master/lv3.scala. Using presentation compiler with project's scala-library version: 3.1.2
2022.05.31 20:56:32 INFO  time: code lens generation in 5.45s
2022.05.31 20:56:51 WARN  no build target for: /Users/hientruong/Documents/LTH/Y1/EDAA45-programmeringIntroduction/pgk/w3-master/lv3.scala
